<?xml version="1.0" encoding="UTF-8"?>
<!-- Generated by org.testng.reporters.JUnitReportReporter -->
<testsuite hostname="ASI-INA94109YD" name="com.wwt.scm.TestNG_SearchFilterDriver_1" tests="1" failures="1" timestamp="24 Oct 2013 12:41:39 GMT" time="248.181" errors="0">
  <testcase name="LineAndDetailDisplay_1_14" time="248.181" classname="com.wwt.scm.TestNG_SearchFilterDriver_1">
    <failure type="net.sf.cglib.core.CodeGenerationException" message="java.lang.IllegalAccessException--&gt;Class org.openqa.selenium.remote.Augmenter$CompoundHandler can not access a member of class org.openqa.selenium.firefox.FirefoxDriver with modifiers &quot;protected&quot;">
      <![CDATA[net.sf.cglib.core.CodeGenerationException: java.lang.IllegalAccessException-->Class org.openqa.selenium.remote.Augmenter$CompoundHandler can not access a member of class org.openqa.selenium.firefox.FirefoxDriver with modifiers "protected"
	at net.sf.cglib.core.ReflectUtils.newInstance(ReflectUtils.java:235)
	at net.sf.cglib.core.ReflectUtils.newInstance(ReflectUtils.java:220)
	at net.sf.cglib.core.ReflectUtils.newInstance(ReflectUtils.java:216)
	at net.sf.cglib.proxy.Enhancer.createUsingReflection(Enhancer.java:640)
	at net.sf.cglib.proxy.Enhancer.firstInstance(Enhancer.java:538)
	at net.sf.cglib.core.AbstractClassGenerator.create(AbstractClassGenerator.java:225)
	at net.sf.cglib.proxy.Enhancer.createHelper(Enhancer.java:377)
	at net.sf.cglib.proxy.Enhancer.create(Enhancer.java:285)
	at org.openqa.selenium.remote.Augmenter.create(Augmenter.java:237)
	at org.openqa.selenium.remote.Augmenter.augment(Augmenter.java:130)
	at com.wwt.scm.CommonUtilLibrary.screenCapture(Unknown Source)
	at com.wwt.scm.TestNG_SearchFilterDriver_1.LineAndDetailDisplay_1_14(Unknown Source)
	at sun.reflect.NativeMethodAccessorImpl.invoke0(Native Method)
	at sun.reflect.NativeMethodAccessorImpl.invoke(NativeMethodAccessorImpl.java:57)
	at sun.reflect.DelegatingMethodAccessorImpl.invoke(DelegatingMethodAccessorImpl.java:43)
	at java.lang.reflect.Method.invoke(Method.java:606)
	at org.testng.internal.MethodInvocationHelper.invokeMethod(MethodInvocationHelper.java:84)
	at org.testng.internal.Invoker.invokeMethod(Invoker.java:714)
	at org.testng.internal.Invoker.invokeTestMethod(Invoker.java:901)
	at org.testng.internal.Invoker.invokeTestMethods(Invoker.java:1231)
	at org.testng.internal.TestMethodWorker.invokeTestMethods(TestMethodWorker.java:127)
	at org.testng.internal.TestMethodWorker.run(TestMethodWorker.java:111)
	at org.testng.TestRunner.privateRun(TestRunner.java:767)
	at org.testng.TestRunner.run(TestRunner.java:617)
	at org.testng.SuiteRunner.runTest(SuiteRunner.java:334)
	at org.testng.SuiteRunner.access$000(SuiteRunner.java:37)
	at org.testng.SuiteRunner$SuiteWorker.run(SuiteRunner.java:368)
	at org.testng.internal.thread.ThreadUtil$2.call(ThreadUtil.java:64)
	at java.util.concurrent.FutureTask$Sync.innerRun(FutureTask.java:334)
	at java.util.concurrent.FutureTask.run(FutureTask.java:166)
	at java.util.concurrent.ThreadPoolExecutor.runWorker(ThreadPoolExecutor.java:1145)
	at java.util.concurrent.ThreadPoolExecutor$Worker.run(ThreadPoolExecutor.java:615)
	at java.lang.Thread.run(Thread.java:724)
Caused by: java.lang.IllegalAccessException: Class org.openqa.selenium.remote.Augmenter$CompoundHandler can not access a member of class org.openqa.selenium.firefox.FirefoxDriver with modifiers "protected"
	at sun.reflect.Reflection.ensureMemberAccess(Reflection.java:105)
	at java.lang.reflect.AccessibleObject.slowCheckMemberAccess(AccessibleObject.java:261)
	at java.lang.reflect.AccessibleObject.checkAccess(AccessibleObject.java:253)
	at java.lang.reflect.Method.invoke(Method.java:599)
	at org.openqa.selenium.remote.Augmenter$CompoundHandler.intercept(Augmenter.java:280)
	at org.openqa.selenium.firefox.FirefoxDriver$$EnhancerByCGLIB$$209b5530.startClient(<generated>)
	at org.openqa.selenium.remote.RemoteWebDriver.<init>(RemoteWebDriver.java:110)
	at org.openqa.selenium.firefox.FirefoxDriver.<init>(FirefoxDriver.java:197)
	at org.openqa.selenium.firefox.FirefoxDriver.<init>(FirefoxDriver.java:190)
	at org.openqa.selenium.firefox.FirefoxDriver.<init>(FirefoxDriver.java:186)
	at org.openqa.selenium.firefox.FirefoxDriver.<init>(FirefoxDriver.java:99)
	at org.openqa.selenium.firefox.FirefoxDriver$$EnhancerByCGLIB$$209b5530.<init>(<generated>)
	at sun.reflect.NativeConstructorAccessorImpl.newInstance0(Native Method)
	at sun.reflect.NativeConstructorAccessorImpl.newInstance(NativeConstructorAccessorImpl.java:57)
	at sun.reflect.DelegatingConstructorAccessorImpl.newInstance(DelegatingConstructorAccessorImpl.java:45)
	at java.lang.reflect.Constructor.newInstance(Constructor.java:526)
	at net.sf.cglib.core.ReflectUtils.newInstance(ReflectUtils.java:228)
	... 32 more
]]>
    </failure>
  </testcase> <!-- LineAndDetailDisplay_1_14 -->
</testsuite> <!-- com.wwt.scm.TestNG_SearchFilterDriver_1 -->
