<?xml version="1.0" encoding="UTF-8"?>
<!-- Generated by org.testng.reporters.JUnitReportReporter -->
<testsuite hostname="ASI-INA94109YD" name="com.wwt.scm.TestNG_SearchFilterDriver" tests="1" failures="0" timestamp="25 Oct 2013 10:14:45 GMT" time="43.587" errors="0">
  <testcase name="SearchAndFilter_2_0" time="43.587" classname="com.wwt.scm.TestNG_SearchFilterDriver"/>
</testsuite> <!-- com.wwt.scm.TestNG_SearchFilterDriver -->
