<?xml version="1.0" encoding="UTF-8"?>
<!-- Generated by org.testng.reporters.JUnitReportReporter -->
<testsuite hostname="ASI-INA94109YD" name="com.wwt.scm.TestNG_ExtUserSearchFilterDriver" tests="1" failures="0" timestamp="25 Oct 2013 13:23:07 GMT" time="90.007" errors="0">
  <testcase name="LineAndDetailDisplay_2_2" time="90.007" classname="com.wwt.scm.TestNG_ExtUserSearchFilterDriver"/>
</testsuite> <!-- com.wwt.scm.TestNG_ExtUserSearchFilterDriver -->
