<?xml version="1.0" encoding="UTF-8"?>
<!-- Generated by org.testng.reporters.JUnitReportReporter -->
<testsuite hostname="ASI-INA94109YD" name="com.wwt.scm.TestNG_SearchFilterDriver" tests="1" failures="0" timestamp="29 Oct 2013 16:50:18 GMT" time="110.013" errors="0">
  <testcase name="SearchAndFilter_2_0" time="110.013" classname="com.wwt.scm.TestNG_SearchFilterDriver"/>
</testsuite> <!-- com.wwt.scm.TestNG_SearchFilterDriver -->
