<?xml version="1.0" encoding="UTF-8"?>
<!-- Generated by org.testng.reporters.JUnitReportReporter -->
<testsuite hostname="ASI-INA94109YD" name="com.wwt.scm.TestNG_ExtUserSearchFilterDriver" tests="1" failures="0" timestamp="4 Nov 2013 12:59:31 GMT" time="75.659" errors="0">
  <testcase name="LineAndDetailDisplay_2_2" time="75.659" classname="com.wwt.scm.TestNG_ExtUserSearchFilterDriver"/>
</testsuite> <!-- com.wwt.scm.TestNG_ExtUserSearchFilterDriver -->
